<?xml version="1.0" encoding="UTF-8"?>
<testng-results skipped="0" failed="0" ignored="0" total="1" passed="1">
  <reporter-output>
  </reporter-output>
  <suite name="Default suite" duration-ms="137784" started-at="2023-04-04T10:08:19Z" finished-at="2023-04-04T10:10:37Z">
    <groups>
    </groups>
    <test name="Default test" duration-ms="137784" started-at="2023-04-04T10:08:19Z" finished-at="2023-04-04T10:10:37Z">
      <class name="SmokeTestModule.MyCompetencyMainTest">
        <test-method status="PASS" signature="MainMethod()[pri:0, instance:SmokeTestModule.MyCompetencyMainTest@6aba2b86]" name="MainMethod" duration-ms="137675" started-at="2023-04-04T10:08:19Z" finished-at="2023-04-04T10:10:37Z">
          <reporter-output>
          </reporter-output>
        </test-method> <!-- MainMethod -->
      </class> <!-- SmokeTestModule.MyCompetencyMainTest -->
    </test> <!-- Default test -->
  </suite> <!-- Default suite -->
</testng-results>
